<?xml version="1.0" encoding="UTF-8"?>
<!-- Generated by org.testng.reporters.JUnitReportReporter -->
<testsuite hostname="sanjays-MacBook-Air.local" failures="0" tests="7" name="com.sanjaychauhan.flipkartautomation.tests.TC_01_flipkart_End_to_End" time="215.952" errors="0" timestamp="2024-11-10T16:39:22 IST" skipped="0">
  <testcase classname="com.sanjaychauhan.flipkartautomation.tests.TC_01_flipkart_End_to_End" name="openFlipkartAndCloseLoginModule" time="0.020"/>
  <testcase classname="com.sanjaychauhan.flipkartautomation.tests.TC_01_flipkart_End_to_End" name="searchForMobileAndVerifyResults" time="3.762"/>
  <testcase classname="com.sanjaychauhan.flipkartautomation.tests.TC_01_flipkart_End_to_End" name="addPhonesToCompareAndVerify" time="0.317"/>
  <testcase classname="com.sanjaychauhan.flipkartautomation.tests.TC_01_flipkart_End_to_End" name="openProductPageAndAddToCart" time="96.515"/>
  <testcase classname="com.sanjaychauhan.flipkartautomation.tests.TC_01_flipkart_End_to_End" name="verifyCartTotalAmount" time="0.349"/>
  <testcase classname="com.sanjaychauhan.flipkartautomation.tests.TC_01_flipkart_End_to_End" name="increaseProductQuantityAndVerifyPopup" time="3.704"/>
  <testcase classname="com.sanjaychauhan.flipkartautomation.tests.TC_01_flipkart_End_to_End" name="removeProductFromCartAndVerify" time="111.285"/>
</testsuite> <!-- com.sanjaychauhan.flipkartautomation.tests.TC_01_flipkart_End_to_End -->
